host: hpc-build01.scidom.de
Building DAG of jobs...
Using shell: /usr/bin/bash
Provided cores: 1 (use --cores to define parallelism)
Rules claiming more threads will be scaled down.
Job stats:
job           count
----------  -------
all               1
find_best         1
merge             1
run_method        2
total             5

Select jobs to execute...
Execute 1 jobs...

[Mon Dec  9 23:38:27 2024]
localrule run_method:
    output: data/reports/ridge_regression/ridge/d287c70661/accuracy.tsv
    jobid: 2
    reason: Missing output files: data/reports/ridge_regression/ridge/d287c70661/accuracy.tsv
    wildcards: task=ridge_regression, method=ridge, hash=d287c70661
    resources: tmpdir=/tmp

RuleException:
CalledProcessError in file /ictstr01/home/icb/eirini.giannakoulia/vitatrack/snakefile, line 31:
Command 'set -euo pipefail;  /ictstr01/home/icb/eirini.giannakoulia/tools/apps/mamba/envs/scRNA-env/bin/python3.12 /ictstr01/home/icb/eirini.giannakoulia/vitatrack/.snakemake/scripts/tmphha5x75y.run_method.py' returned non-zero exit status 1.
[Mon Dec  9 23:38:37 2024]
Error in rule run_method:
    jobid: 2
    output: data/reports/ridge_regression/ridge/d287c70661/accuracy.tsv

Shutting down, this might take some time.
Exiting because a job execution failed. Look above for error message
Complete log: .snakemake/log/2024-12-09T233827.613495.snakemake.log
WorkflowError:
At least one job did not complete successfully.
