host: hpc-build01.scidom.de
Building DAG of jobs...
Using shell: /usr/bin/bash
Provided cores: 1 (use --cores to define parallelism)
Rules claiming more threads will be scaled down.
Job stats:
job          count
---------  -------
all              1
find_best        1
total            2

Select jobs to execute...
Execute 1 jobs...

[Tue Dec 10 00:30:57 2024]
localrule find_best:
    input: data/reports/merged_results.tsv
    output: data/reports/best_results.tsv
    jobid: 3
    reason: Missing output files: data/reports/best_results.tsv
    resources: tmpdir=/tmp

[Tue Dec 10 00:30:59 2024]
Finished job 3.
1 of 2 steps (50%) done
Select jobs to execute...
Execute 1 jobs...

[Tue Dec 10 00:30:59 2024]
localrule all:
    input: data/reports/ridge_regression/ridge/c63ec0f005/accuracy.tsv, data/reports/ridge_regression/ridge/d287c70661/accuracy.tsv, data/reports/best_results.tsv
    jobid: 0
    reason: Input files updated by another job: data/reports/best_results.tsv
    resources: tmpdir=/tmp

[Tue Dec 10 00:30:59 2024]
Finished job 0.
2 of 2 steps (100%) done
Complete log: .snakemake/log/2024-12-10T003057.444625.snakemake.log
