host: hpc-build01.scidom.de
Building DAG of jobs...
Using shell: /usr/bin/bash
Provided cores: 4
Rules claiming more threads will be scaled down.
Job stats:
job           count
----------  -------
all               1
find_best         1
merge             1
run_method        2
total             5

Select jobs to execute...
Execute 2 jobs...

[Mon Dec  2 11:33:42 2024]
localrule run_method:
    output: data/reports/ridge_regression/ridge/da2268bbbc/accuracy.tsv
    jobid: 2
    reason: Missing output files: data/reports/ridge_regression/ridge/da2268bbbc/accuracy.tsv
    wildcards: task=ridge_regression, method=ridge, hash=da2268bbbc
    resources: tmpdir=/tmp


[Mon Dec  2 11:33:42 2024]
localrule run_method:
    output: data/reports/ridge_regression/ridge/c39d77ecca/accuracy.tsv
    jobid: 1
    reason: Missing output files: data/reports/ridge_regression/ridge/c39d77ecca/accuracy.tsv
    wildcards: task=ridge_regression, method=ridge, hash=c39d77ecca
    resources: tmpdir=/tmp

[Mon Dec  2 11:33:49 2024]
[Mon Dec  2 11:33:49 2024]
Error in rule run_method:
    jobid: 1
    output: data/reports/ridge_regression/ridge/c39d77ecca/accuracy.tsv

Error in rule run_method:
    jobid: 2
    output: data/reports/ridge_regression/ridge/da2268bbbc/accuracy.tsv

Shutting down, this might take some time.
Exiting because a job execution failed. Look above for error message
Complete log: .snakemake/log/2024-12-02T113342.025857.snakemake.log
WorkflowError:
At least one job did not complete successfully.
